<?xml version="1.0" encoding="UTF-8"?>
<!-- Generated by org.testng.reporters.JUnitXMLReporter -->
<testsuite hostname="28APO2678" name="Firefox Test" tests="1" failures="0" timestamp="22 Sep 2016 15:04:43 GMT" time="47.112" errors="0">
  <testcase name="@BeforeTest SetUp" time="0.0" classname="comPageObjectstestSmConectados.LoginIncorrecto">
    <failure type="org.openqa.selenium.WebDriverException" message="Unable to connect to host 127.0.0.1 on port 7055 after 45000 ms. Firefox console output:
McWSRF&amp;quot;,&amp;quot;location&amp;quot;:&amp;quot;winreg-app-global&amp;quot;,&amp;quot;version&amp;quot;:&amp;quot;15.1.0&amp;quot;,&amp;quot;type&amp;quot;:&amp;quot;extension&amp;quot;,&amp;quot;internalName&amp;quot;:null,&amp;quot;updateURL&amp;quot;:null,&amp;quot;updateKey&amp;quot;:null,&amp;quot;optionsURL&amp;quot;:null,&amp;quot;optionsType&amp;quot;:null,&amp;quot;aboutURL&amp;quot;:null,&amp;quot;icons&amp;quot;:{},&amp;quot;iconURL&amp;quot;:&amp;quot;chrome://vscore/content/ScriptFF.gif&amp;quot;,&amp;quot;icon64URL&amp;quot;:null,&amp;quot;defaultLocale&amp;quot;:{&amp;quot;name&amp;quot;:&amp;quot;McAfee ScriptScan for Firefox&amp;quot;,&amp;quot;description&amp;quot;:null,&amp;quot;creator&amp;quot;:&amp;quot;McAfee, Inc.&amp;quot;,&amp;quot;homepageURL&amp;quot;:null},&amp;quot;visible&amp;quot;:true,&amp;quot;active&amp;quot;:false,&amp;quot;userDisabled&amp;quot;:true,&amp;quot;appDisabled&amp;quot;:true,&amp;quot;descriptor&amp;quot;:&amp;quot;C:\\Program Files (x86)\\Common Files\\McAfee\\SystemCore&amp;quot;,&amp;quot;installDate&amp;quot;:1431940484374,&amp;quot;updateDate&amp;quot;:1431940484374,&amp;quot;applyBackgroundUpdates&amp;quot;:1,&amp;quot;bootstrap&amp;quot;:false,&amp;quot;skinnable&amp;quot;:false,&amp;quot;size&amp;quot;:2304002,&amp;quot;sourceURI&amp;quot;:null,&amp;quot;releaseNotesURI&amp;quot;:null,&amp;quot;softDisabled&amp;quot;:false,&amp;quot;foreignInstall&amp;quot;:true,&amp;quot;hasBinaryComponents&amp;quot;:false,&amp;quot;strictCompatibility&amp;quot;:false,&amp;quot;locales&amp;quot;:[],&amp;quot;targetApplications&amp;quot;:[{&amp;quot;id&amp;quot;:&amp;quot;{ec8030f7-c20a-464f-9b0e-13a3a9e97384}&amp;quot;,&amp;quot;minVersion&amp;quot;:&amp;quot;1.5&amp;quot;,&amp;quot;maxVersion&amp;quot;:&amp;quot;9.9&amp;quot;}],&amp;quot;targetPlatforms&amp;quot;:[],&amp;quot;multiprocessCompatible&amp;quot;:false,&amp;quot;signedState&amp;quot;:0,&amp;quot;seen&amp;quot;:true}
1474556638130	DeferredSave.extensions.json	DEBUG	Save changes
1474556638130	addons.xpi	DEBUG	Updating database with changes to installed add-ons
1474556638130	addons.xpi-utils	DEBUG	Updating add-on states
1474556638135	addons.xpi-utils	DEBUG	Writing add-ons list
1474556638146	addons.xpi	DEBUG	Registering manifest for C:\Program Files (x86)\Mozilla Firefox\browser\features\e10srollout@mozilla.org.xpi
1474556638147	addons.xpi	DEBUG	Calling bootstrap method startup on e10srollout@mozilla.org version 1.1
1474556638147	addons.xpi	DEBUG	Registering manifest for C:\Program Files (x86)\Mozilla Firefox\browser\features\firefox@getpocket.com.xpi
1474556638148	addons.xpi	DEBUG	Calling bootstrap method startup on firefox@getpocket.com version 1.0.4
1474556638149	addons.xpi	DEBUG	Registering manifest for C:\Program Files (x86)\Mozilla Firefox\browser\features\loop@mozilla.org.xpi
1474556638149	addons.xpi	DEBUG	Calling bootstrap method startup on loop@mozilla.org version 1.4.4
1474556638187	addons.manager	DEBUG	Registering shutdown blocker for XPIProvider
1474556638187	addons.manager	DEBUG	Provider finished startup: XPIProvider
1474556638188	addons.manager	DEBUG	Starting provider: LightweightThemeManager
1474556638188	addons.manager	DEBUG	Registering shutdown blocker for LightweightThemeManager
1474556638188	addons.manager	DEBUG	Provider finished startup: LightweightThemeManager
1474556638189	addons.manager	DEBUG	Starting provider: GMPProvider
1474556638203	addons.manager	DEBUG	Registering shutdown blocker for GMPProvider
1474556638204	addons.manager	DEBUG	Provider finished startup: GMPProvider
1474556638204	addons.manager	DEBUG	Starting provider: PluginProvider
1474556638204	addons.manager	DEBUG	Registering shutdown blocker for PluginProvider
1474556638205	addons.manager	DEBUG	Provider finished startup: PluginProvider
1474556638208	addons.manager	DEBUG	Completed startup sequence
1474556640565	addons.manager	DEBUG	Starting provider: &amp;lt;unnamed-provider&amp;gt;
1474556640565	addons.manager	DEBUG	Registering shutdown blocker for &amp;lt;unnamed-provider&amp;gt;
1474556640566	addons.manager	DEBUG	Provider finished startup: &amp;lt;unnamed-provider&amp;gt;
1474556640964	DeferredSave.extensions.json	DEBUG	Write succeeded
1474556640964	addons.xpi-utils	DEBUG	XPI Database saved, setting schema version preference to 17
1474556640964	DeferredSave.extensions.json	DEBUG	Starting timer
1474556640987	DeferredSave.extensions.json	DEBUG	Starting write
1474556641006	addons.repository	DEBUG	No addons.json found.
1474556641007	DeferredSave.addons.json	DEBUG	Save changes
1474556641010	DeferredSave.addons.json	DEBUG	Starting timer
1474556641088	addons.manager	DEBUG	Starting provider: PreviousExperimentProvider
1474556641088	addons.manager	DEBUG	Registering shutdown blocker for PreviousExperimentProvider
1474556641088	addons.manager	DEBUG	Provider finished startup: PreviousExperimentProvider
1474556641094	DeferredSave.addons.json	DEBUG	Starting write
1474556641113	DeferredSave.extensions.json	DEBUG	Write succeeded
1474556641159	DeferredSave.addons.json	DEBUG	Write succeeded

Command duration or timeout: 46.14 seconds
Build info: version: &amp;apos;2.53.1&amp;apos;, revision: &amp;apos;a36b8b1&amp;apos;, time: &amp;apos;2016-06-30 17:32:46&amp;apos;
System info: host: &amp;apos;28APO2678&amp;apos;, ip: &amp;apos;10.34.48.59&amp;apos;, os.name: &amp;apos;Windows 7&amp;apos;, os.arch: &amp;apos;amd64&amp;apos;, os.version: &amp;apos;6.1&amp;apos;, java.version: &amp;apos;1.7.0_79&amp;apos;
Driver info: org.openqa.selenium.remote.RemoteWebDriver">
      <![CDATA[org.openqa.selenium.WebDriverException: Unable to connect to host 127.0.0.1 on port 7055 after 45000 ms. Firefox console output:
McWSRF","location":"winreg-app-global","version":"15.1.0","type":"extension","internalName":null,"updateURL":null,"updateKey":null,"optionsURL":null,"optionsType":null,"aboutURL":null,"icons":{},"iconURL":"chrome://vscore/content/ScriptFF.gif","icon64URL":null,"defaultLocale":{"name":"McAfee ScriptScan for Firefox","description":null,"creator":"McAfee, Inc.","homepageURL":null},"visible":true,"active":false,"userDisabled":true,"appDisabled":true,"descriptor":"C:\\Program Files (x86)\\Common Files\\McAfee\\SystemCore","installDate":1431940484374,"updateDate":1431940484374,"applyBackgroundUpdates":1,"bootstrap":false,"skinnable":false,"size":2304002,"sourceURI":null,"releaseNotesURI":null,"softDisabled":false,"foreignInstall":true,"hasBinaryComponents":false,"strictCompatibility":false,"locales":[],"targetApplications":[{"id":"{ec8030f7-c20a-464f-9b0e-13a3a9e97384}","minVersion":"1.5","maxVersion":"9.9"}],"targetPlatforms":[],"multiprocessCompatible":false,"signedState":0,"seen":true}
1474556638130	DeferredSave.extensions.json	DEBUG	Save changes
1474556638130	addons.xpi	DEBUG	Updating database with changes to installed add-ons
1474556638130	addons.xpi-utils	DEBUG	Updating add-on states
1474556638135	addons.xpi-utils	DEBUG	Writing add-ons list
1474556638146	addons.xpi	DEBUG	Registering manifest for C:\Program Files (x86)\Mozilla Firefox\browser\features\e10srollout@mozilla.org.xpi
1474556638147	addons.xpi	DEBUG	Calling bootstrap method startup on e10srollout@mozilla.org version 1.1
1474556638147	addons.xpi	DEBUG	Registering manifest for C:\Program Files (x86)\Mozilla Firefox\browser\features\firefox@getpocket.com.xpi
1474556638148	addons.xpi	DEBUG	Calling bootstrap method startup on firefox@getpocket.com version 1.0.4
1474556638149	addons.xpi	DEBUG	Registering manifest for C:\Program Files (x86)\Mozilla Firefox\browser\features\loop@mozilla.org.xpi
1474556638149	addons.xpi	DEBUG	Calling bootstrap method startup on loop@mozilla.org version 1.4.4
1474556638187	addons.manager	DEBUG	Registering shutdown blocker for XPIProvider
1474556638187	addons.manager	DEBUG	Provider finished startup: XPIProvider
1474556638188	addons.manager	DEBUG	Starting provider: LightweightThemeManager
1474556638188	addons.manager	DEBUG	Registering shutdown blocker for LightweightThemeManager
1474556638188	addons.manager	DEBUG	Provider finished startup: LightweightThemeManager
1474556638189	addons.manager	DEBUG	Starting provider: GMPProvider
1474556638203	addons.manager	DEBUG	Registering shutdown blocker for GMPProvider
1474556638204	addons.manager	DEBUG	Provider finished startup: GMPProvider
1474556638204	addons.manager	DEBUG	Starting provider: PluginProvider
1474556638204	addons.manager	DEBUG	Registering shutdown blocker for PluginProvider
1474556638205	addons.manager	DEBUG	Provider finished startup: PluginProvider
1474556638208	addons.manager	DEBUG	Completed startup sequence
1474556640565	addons.manager	DEBUG	Starting provider: <unnamed-provider>
1474556640565	addons.manager	DEBUG	Registering shutdown blocker for <unnamed-provider>
1474556640566	addons.manager	DEBUG	Provider finished startup: <unnamed-provider>
1474556640964	DeferredSave.extensions.json	DEBUG	Write succeeded
1474556640964	addons.xpi-utils	DEBUG	XPI Database saved, setting schema version preference to 17
1474556640964	DeferredSave.extensions.json	DEBUG	Starting timer
1474556640987	DeferredSave.extensions.json	DEBUG	Starting write
1474556641006	addons.repository	DEBUG	No addons.json found.
1474556641007	DeferredSave.addons.json	DEBUG	Save changes
1474556641010	DeferredSave.addons.json	DEBUG	Starting timer
1474556641088	addons.manager	DEBUG	Starting provider: PreviousExperimentProvider
1474556641088	addons.manager	DEBUG	Registering shutdown blocker for PreviousExperimentProvider
1474556641088	addons.manager	DEBUG	Provider finished startup: PreviousExperimentProvider
1474556641094	DeferredSave.addons.json	DEBUG	Starting write
1474556641113	DeferredSave.extensions.json	DEBUG	Write succeeded
1474556641159	DeferredSave.addons.json	DEBUG	Write succeeded

Command duration or timeout: 46.14 seconds
Build info: version: '2.53.1', revision: 'a36b8b1', time: '2016-06-30 17:32:46'
System info: host: '28APO2678', ip: '10.34.48.59', os.name: 'Windows 7', os.arch: 'amd64', os.version: '6.1', java.version: '1.7.0_79'
Driver info: org.openqa.selenium.remote.RemoteWebDriver
	at org.openqa.selenium.remote.ErrorHandler.createThrowable(ErrorHandler.java:206)
	at org.openqa.selenium.remote.ErrorHandler.throwIfResponseFailed(ErrorHandler.java:158)
	at org.openqa.selenium.remote.RemoteWebDriver.execute(RemoteWebDriver.java:678)
	at org.openqa.selenium.remote.RemoteWebDriver.startSession(RemoteWebDriver.java:249)
	at org.openqa.selenium.remote.RemoteWebDriver.<init>(RemoteWebDriver.java:131)
	at org.openqa.selenium.remote.RemoteWebDriver.<init>(RemoteWebDriver.java:158)
	at org.openqa.selenium.remote.RemoteWebDriver.<init>(RemoteWebDriver.java:148)
	at com.pageobjectpattern.saviadigital.moodesp.BrowserType.Execute(BrowserType.java:21)
	at comPageObjectstestSmConectados.LoginIncorrecto.SetUp(LoginIncorrecto.java:47)
	at java.util.concurrent.FutureTask.run(Unknown Source)
	at java.util.concurrent.ThreadPoolExecutor.runWorker(Unknown Source)
	at java.util.concurrent.ThreadPoolExecutor$Worker.run(Unknown Source)
	at java.lang.Thread.run(Unknown Source)
Caused by: org.openqa.selenium.remote.ErrorHandler$UnknownServerException: Unable to connect to host 127.0.0.1 on port 7055 after 45000 ms. Firefox console output:
McWSRF","location":"winreg-app-global","version":"15.1.0","type":"extension","internalName":null,"updateURL":null,"updateKey":null,"optionsURL":null,"optionsType":null,"aboutURL":null,"icons":{},"iconURL":"chrome://vscore/content/ScriptFF.gif","icon64URL":null,"defaultLocale":{"name":"McAfee ScriptScan for Firefox","description":null,"creator":"McAfee, Inc.","homepageURL":null},"visible":true,"active":false,"userDisabled":true,"appDisabled":true,"descriptor":"C:\\Program Files (x86)\\Common Files\\McAfee\\SystemCore","installDate":1431940484374,"updateDate":1431940484374,"applyBackgroundUpdates":1,"bootstrap":false,"skinnable":false,"size":2304002,"sourceURI":null,"releaseNotesURI":null,"softDisabled":false,"foreignInstall":true,"hasBinaryComponents":false,"strictCompatibility":false,"locales":[],"targetApplications":[{"id":"{ec8030f7-c20a-464f-9b0e-13a3a9e97384}","minVersion":"1.5","maxVersion":"9.9"}],"targetPlatforms":[],"multiprocessCompatible":false,"signedState":0,"seen":true}
1474556638130	DeferredSave.extensions.json	DEBUG	Save changes
1474556638130	addons.xpi	DEBUG	Updating database with changes to installed add-ons
1474556638130	addons.xpi-utils	DEBUG	Updating add-on states
1474556638135	addons.xpi-utils	DEBUG	Writing add-ons list
1474556638146	addons.xpi	DEBUG	Registering manifest for C:\Program Files (x86)\Mozilla Firefox\browser\features\e10srollout@mozilla.org.xpi
1474556638147	addons.xpi	DEBUG	Calling bootstrap method startup on e10srollout@mozilla.org version 1.1
1474556638147	addons.xpi	DEBUG	Registering manifest for C:\Program Files (x86)\Mozilla Firefox\browser\features\firefox@getpocket.com.xpi
1474556638148	addons.xpi	DEBUG	Calling bootstrap method startup on firefox@getpocket.com version 1.0.4
1474556638149	addons.xpi	DEBUG	Registering manifest for C:\Program Files (x86)\Mozilla Firefox\browser\features\loop@mozilla.org.xpi
1474556638149	addons.xpi	DEBUG	Calling bootstrap method startup on loop@mozilla.org version 1.4.4
1474556638187	addons.manager	DEBUG	Registering shutdown blocker for XPIProvider
1474556638187	addons.manager	DEBUG	Provider finished startup: XPIProvider
1474556638188	addons.manager	DEBUG	Starting provider: LightweightThemeManager
1474556638188	addons.manager	DEBUG	Registering shutdown blocker for LightweightThemeManager
1474556638188	addons.manager	DEBUG	Provider finished startup: LightweightThemeManager
1474556638189	addons.manager	DEBUG	Starting provider: GMPProvider
1474556638203	addons.manager	DEBUG	Registering shutdown blocker for GMPProvider
1474556638204	addons.manager	DEBUG	Provider finished startup: GMPProvider
1474556638204	addons.manager	DEBUG	Starting provider: PluginProvider
1474556638204	addons.manager	DEBUG	Registering shutdown blocker for PluginProvider
1474556638205	addons.manager	DEBUG	Provider finished startup: PluginProvider
1474556638208	addons.manager	DEBUG	Completed startup sequence
1474556640565	addons.manager	DEBUG	Starting provider: <unnamed-provider>
1474556640565	addons.manager	DEBUG	Registering shutdown blocker for <unnamed-provider>
1474556640566	addons.manager	DEBUG	Provider finished startup: <unnamed-provider>
1474556640964	DeferredSave.extensions.json	DEBUG	Write succeeded
1474556640964	addons.xpi-utils	DEBUG	XPI Database saved, setting schema version preference to 17
1474556640964	DeferredSave.extensions.json	DEBUG	Starting timer
1474556640987	DeferredSave.extensions.json	DEBUG	Starting write
1474556641006	addons.repository	DEBUG	No addons.json found.
1474556641007	DeferredSave.addons.json	DEBUG	Save changes
1474556641010	DeferredSave.addons.json	DEBUG	Starting timer
1474556641088	addons.manager	DEBUG	Starting provider: PreviousExperimentProvider
1474556641088	addons.manager	DEBUG	Registering shutdown blocker for PreviousExperimentProvider
1474556641088	addons.manager	DEBUG	Provider finished startup: PreviousExperimentProvider
1474556641094	DeferredSave.addons.json	DEBUG	Starting write
1474556641113	DeferredSave.extensions.json	DEBUG	Write succeeded
1474556641159	DeferredSave.addons.json	DEBUG	Write succeeded

Build info: version: '2.53.1', revision: 'a36b8b1', time: '2016-06-30 17:32:46'
System info: host: '28APO2678', ip: '10.34.48.59', os.name: 'Windows 7', os.arch: 'amd64', os.version: '6.1', java.version: '1.7.0_79'
Driver info: driver.version: FirefoxDriver
	at org.openqa.selenium.firefox.internal.NewProfileExtensionConnection.start(NewProfileExtensionConnection.java:112)
	at org.openqa.selenium.firefox.FirefoxDriver.startClient(FirefoxDriver.java:271)
	at org.openqa.selenium.remote.RemoteWebDriver.<init>(RemoteWebDriver.java:119)
	at org.openqa.selenium.firefox.FirefoxDriver.<init>(FirefoxDriver.java:218)
	at org.openqa.selenium.firefox.FirefoxDriver.<init>(FirefoxDriver.java:211)
	at org.openqa.selenium.firefox.FirefoxDriver.<init>(FirefoxDriver.java:129)
	at org.openqa.selenium.remote.server.FirefoxDriverProvider.callConstructor(FirefoxDriverProvider.java:91)
	at org.openqa.selenium.remote.server.FirefoxDriverProvider.newInstance(FirefoxDriverProvider.java:68)
	at org.openqa.selenium.remote.server.DefaultDriverFactory.newInstance(DefaultDriverFactory.java:60)
	at org.openqa.selenium.remote.server.DefaultSession$BrowserCreator.call(DefaultSession.java:222)
	at org.openqa.selenium.remote.server.DefaultSession$BrowserCreator.call(DefaultSession.java:1)
	at java.util.concurrent.FutureTask.run(Unknown Source)
	at org.openqa.selenium.remote.server.DefaultSession$1.run(DefaultSession.java:176)
	... 3 more
... Removed 22 stack frames]]>
    </failure>
  </testcase> <!-- @BeforeTest SetUp -->
  <testcase name="@AfterTest tearDown" time="0.0" classname="comPageObjectstestSmConectados.LoginIncorrecto">
    <skipped/>
  </testcase> <!-- @AfterTest tearDown -->
  <testcase name="Login" time="0.003" classname="comPageObjectstestSmConectados.LoginIncorrecto">
    <skipped/>
  </testcase> <!-- Login -->
</testsuite> <!-- Firefox Test -->
