<?xml version="1.0" encoding="UTF-8"?>
<!-- Generated by org.testng.reporters.JUnitXMLReporter -->
<testsuite hostname="28APO2678" name="IE Test" tests="1" failures="1" timestamp="20 Jun 2016 09:16:54 GMT" time="257.919" errors="0">
  <testcase name="seleccionarUnidadDidactica" time="249.899" classname="compageObjectsTestsaviaDigital.SelectUnidadDidactica">
    <failure type="org.openqa.selenium.NoSuchWindowException" message="Unable to find element on closed window (WARNING: The server did not provide any stacktrace information)
Command duration or timeout: 12 milliseconds
Build info: version: &amp;apos;2.53.0&amp;apos;, revision: &amp;apos;35ae25b&amp;apos;, time: &amp;apos;2016-03-15 17:00:58&amp;apos;
System info: host: &amp;apos;28APO2678&amp;apos;, ip: &amp;apos;10.34.48.85&amp;apos;, os.name: &amp;apos;Windows 7&amp;apos;, os.arch: &amp;apos;amd64&amp;apos;, os.version: &amp;apos;6.1&amp;apos;, java.version: &amp;apos;1.8.0_91&amp;apos;
Driver info: org.openqa.selenium.ie.InternetExplorerDriver
Capabilities [{browserAttachTimeout=0, ie.enableFullPageScreenshot=true, enablePersistentHover=true, ie.forceCreateProcessApi=false, ie.forceShellWindowsApi=false, pageLoadStrategy=normal, ignoreZoomSetting=false, ie.fileUploadDialogTimeout=3000, version=11, platform=WINDOWS, nativeEvents=true, ie.ensureCleanSession=false, elementScrollBehavior=0, ie.browserCommandLineSwitches=, requireWindowFocus=false, browserName=internet explorer, initialBrowserUrl=http://localhost:36322/, javascriptEnabled=true, ignoreProtectedModeSettings=true, enableElementCacheCleanup=true, unexpectedAlertBehaviour=dismiss}]
Session ID: 2695f350-b8f7-4bcc-b064-63d748605033
*** Element info: {Using=xpath, value=html/body/div[2]/div/section/div/div/div/div/form/div[1]/div[5]/input}
Command duration or timeout: 242 milliseconds
Build info: version: &amp;apos;2.53.0&amp;apos;, revision: &amp;apos;35ae25b&amp;apos;, time: &amp;apos;2016-03-15 17:00:58&amp;apos;
System info: host: &amp;apos;28APO2678&amp;apos;, ip: &amp;apos;10.34.48.85&amp;apos;, os.name: &amp;apos;Windows 7&amp;apos;, os.arch: &amp;apos;amd64&amp;apos;, os.version: &amp;apos;6.1&amp;apos;, java.version: &amp;apos;1.7.0_79&amp;apos;
*** Element info: {Using=xpath, value=html/body/div[2]/div/section/div/div/div/div/form/div[1]/div[5]/input}
Session ID: c0364901-8b1f-49b8-8e32-85a808353ee1
Driver info: org.openqa.selenium.remote.RemoteWebDriver
Capabilities [{platform=WINDOWS, javascriptEnabled=true, elementScrollBehavior=0, enablePersistentHover=true, ignoreZoomSetting=false, ie.ensureCleanSession=false, enableElementCacheCleanup=true, browserName=internet explorer, ie.enableFullPageScreenshot=true, unexpectedAlertBehaviour=dismiss, ie.forceShellWindowsApi=false, ie.fileUploadDialogTimeout=3000, webdriver.remote.sessionid=c0364901-8b1f-49b8-8e32-85a808353ee1, pageLoadStrategy=normal, version=11, cssSelectorsEnabled=true, ignoreProtectedModeSettings=true, requireWindowFocus=false, initialBrowserUrl=http://localhost:36322/, ie.forceCreateProcessApi=false, nativeEvents=true, browserAttachTimeout=0, ie.browserCommandLineSwitches=, takesScreenshot=true}]">
      <![CDATA[org.openqa.selenium.NoSuchWindowException: Unable to find element on closed window (WARNING: The server did not provide any stacktrace information)
Command duration or timeout: 12 milliseconds
Build info: version: '2.53.0', revision: '35ae25b', time: '2016-03-15 17:00:58'
System info: host: '28APO2678', ip: '10.34.48.85', os.name: 'Windows 7', os.arch: 'amd64', os.version: '6.1', java.version: '1.8.0_91'
Driver info: org.openqa.selenium.ie.InternetExplorerDriver
Capabilities [{browserAttachTimeout=0, ie.enableFullPageScreenshot=true, enablePersistentHover=true, ie.forceCreateProcessApi=false, ie.forceShellWindowsApi=false, pageLoadStrategy=normal, ignoreZoomSetting=false, ie.fileUploadDialogTimeout=3000, version=11, platform=WINDOWS, nativeEvents=true, ie.ensureCleanSession=false, elementScrollBehavior=0, ie.browserCommandLineSwitches=, requireWindowFocus=false, browserName=internet explorer, initialBrowserUrl=http://localhost:36322/, javascriptEnabled=true, ignoreProtectedModeSettings=true, enableElementCacheCleanup=true, unexpectedAlertBehaviour=dismiss}]
Session ID: 2695f350-b8f7-4bcc-b064-63d748605033
*** Element info: {Using=xpath, value=html/body/div[2]/div/section/div/div/div/div/form/div[1]/div[5]/input}
Command duration or timeout: 242 milliseconds
Build info: version: '2.53.0', revision: '35ae25b', time: '2016-03-15 17:00:58'
System info: host: '28APO2678', ip: '10.34.48.85', os.name: 'Windows 7', os.arch: 'amd64', os.version: '6.1', java.version: '1.7.0_79'
*** Element info: {Using=xpath, value=html/body/div[2]/div/section/div/div/div/div/form/div[1]/div[5]/input}
Session ID: c0364901-8b1f-49b8-8e32-85a808353ee1
Driver info: org.openqa.selenium.remote.RemoteWebDriver
Capabilities [{platform=WINDOWS, javascriptEnabled=true, elementScrollBehavior=0, enablePersistentHover=true, ignoreZoomSetting=false, ie.ensureCleanSession=false, enableElementCacheCleanup=true, browserName=internet explorer, ie.enableFullPageScreenshot=true, unexpectedAlertBehaviour=dismiss, ie.forceShellWindowsApi=false, ie.fileUploadDialogTimeout=3000, webdriver.remote.sessionid=c0364901-8b1f-49b8-8e32-85a808353ee1, pageLoadStrategy=normal, version=11, cssSelectorsEnabled=true, ignoreProtectedModeSettings=true, requireWindowFocus=false, initialBrowserUrl=http://localhost:36322/, ie.forceCreateProcessApi=false, nativeEvents=true, browserAttachTimeout=0, ie.browserCommandLineSwitches=, takesScreenshot=true}]
	at org.openqa.selenium.remote.ErrorHandler.createThrowable(ErrorHandler.java:206)
	at org.openqa.selenium.remote.ErrorHandler.throwIfResponseFailed(ErrorHandler.java:158)
	at org.openqa.selenium.remote.RemoteWebDriver.execute(RemoteWebDriver.java:678)
	at org.openqa.selenium.remote.RemoteWebDriver.findElement(RemoteWebDriver.java:363)
	at org.openqa.selenium.remote.RemoteWebDriver.findElementByXPath(RemoteWebDriver.java:500)
	at org.openqa.selenium.By$ByXPath.findElement(By.java:361)
	at org.openqa.selenium.remote.RemoteWebDriver.findElement(RemoteWebDriver.java:355)
	at org.openqa.selenium.support.pagefactory.DefaultElementLocator.findElement(DefaultElementLocator.java:69)
	at org.openqa.selenium.support.pagefactory.internal.LocatingElementHandler.invoke(LocatingElementHandler.java:38)
	at com.sun.proxy.$Proxy8.isEnabled(Unknown Source)
	at com.pageobjectpattern.saviadigital.moodesp.LoginMoodlePage.password(LoginMoodlePage.java:44)
	at com.pageobjectpattern.saviadigital.moodesp.LoginMoodlePage.login(LoginMoodlePage.java:57)
	at compageObjectsTestsaviaDigital.SelectUnidadDidactica.seleccionarUnidadDidactica(SelectUnidadDidactica.java:50)
	at java.util.concurrent.FutureTask.run(Unknown Source)
	at java.util.concurrent.ThreadPoolExecutor.runWorker(Unknown Source)
	at java.util.concurrent.ThreadPoolExecutor$Worker.run(Unknown Source)
	at java.lang.Thread.run(Unknown Source)
Caused by: org.openqa.selenium.remote.ScreenshotException: Screen shot has been taken
Build info: version: '2.53.0', revision: '35ae25b', time: '2016-03-15 17:00:58'
System info: host: '28APO2678', ip: '10.34.48.85', os.name: 'Windows 7', os.arch: 'amd64', os.version: '6.1', java.version: '1.7.0_79'
Driver info: driver.version: RemoteWebDriver
	at org.openqa.selenium.remote.ErrorHandler.throwIfResponseFailed(ErrorHandler.java:138)
	... 31 more
Caused by: org.openqa.selenium.NoSuchWindowException: Unable to find element on closed window (WARNING: The server did not provide any stacktrace information)
Command duration or timeout: 12 milliseconds
Build info: version: '2.53.0', revision: '35ae25b', time: '2016-03-15 17:00:58'
System info: host: '28APO2678', ip: '10.34.48.85', os.name: 'Windows 7', os.arch: 'amd64', os.version: '6.1', java.version: '1.8.0_91'
Driver info: org.openqa.selenium.ie.InternetExplorerDriver
Capabilities [{browserAttachTimeout=0, ie.enableFullPageScreenshot=true, enablePersistentHover=true, ie.forceCreateProcessApi=false, ie.forceShellWindowsApi=false, pageLoadStrategy=normal, ignoreZoomSetting=false, ie.fileUploadDialogTimeout=3000, version=11, platform=WINDOWS, nativeEvents=true, ie.ensureCleanSession=false, elementScrollBehavior=0, ie.browserCommandLineSwitches=, requireWindowFocus=false, browserName=internet explorer, initialBrowserUrl=http://localhost:36322/, javascriptEnabled=true, ignoreProtectedModeSettings=true, enableElementCacheCleanup=true, unexpectedAlertBehaviour=dismiss}]
Session ID: 2695f350-b8f7-4bcc-b064-63d748605033
*** Element info: {Using=xpath, value=html/body/div[2]/div/section/div/div/div/div/form/div[1]/div[5]/input}
Build info: version: '2.53.0', revision: '35ae25b', time: '2016-03-15 17:00:58'
System info: host: '28APO2678', ip: '10.34.48.85', os.name: 'Windows 7', os.arch: 'amd64', os.version: '6.1', java.version: '1.7.0_79'
Driver info: driver.version: EventFiringWebDriver
	at org.openqa.selenium.remote.ErrorHandler.createThrowable(ErrorHandler.java:206)
	at org.openqa.selenium.remote.ErrorHandler.throwIfResponseFailed(ErrorHandler.java:158)
	at org.openqa.selenium.remote.RemoteWebDriver.execute(RemoteWebDriver.java:678)
	at org.openqa.selenium.remote.RemoteWebDriver.findElement(RemoteWebDriver.java:363)
	at org.openqa.selenium.remote.RemoteWebDriver.findElementByXPath(RemoteWebDriver.java:500)
	at org.openqa.selenium.By$ByXPath.findElement(By.java:361)
	at org.openqa.selenium.remote.RemoteWebDriver.findElement(RemoteWebDriver.java:355)
	at org.openqa.selenium.support.events.EventFiringWebDriver$2.invoke(EventFiringWebDriver.java:103)
	at com.sun.proxy.$Proxy5.findElement(Unknown Source)
	at org.openqa.selenium.support.events.EventFiringWebDriver.findElement(EventFiringWebDriver.java:188)
	at org.openqa.selenium.remote.server.handler.FindElement.call(FindElement.java:48)
	at org.openqa.selenium.remote.server.handler.FindElement.call(FindElement.java:1)
	at java.util.concurrent.FutureTask.run(Unknown Source)
	at org.openqa.selenium.remote.server.DefaultSession$1.run(DefaultSession.java:176)
	... 3 more
... Removed 27 stack frames]]>
    </failure>
  </testcase> <!-- seleccionarUnidadDidactica -->
</testsuite> <!-- IE Test -->
