<?xml version="1.0" encoding="UTF-8"?>
<!-- Generated by org.testng.reporters.JUnitXMLReporter -->
<testsuite hostname="28APO2678" name="Login Olvido contrasenia  contrasenia incorrecta Test IE" tests="1" failures="1" timestamp="1 Jun 2016 11:26:56 GMT" time="480.333" errors="0">
  <testcase name="test_login_contrasenia_Incorrecta" time="0.003" classname="compageObjectstestsmConectados.ContraseniaIncorrecta">
    <failure type="java.lang.NullPointerException">
      <![CDATA[java.lang.NullPointerException
	at compageObjectstestsmConectados.ContraseniaIncorrecta.test_login_contrasenia_Incorrecta(ContraseniaIncorrecta.java:23)
	at java.util.concurrent.FutureTask.run(Unknown Source)
	at java.util.concurrent.ThreadPoolExecutor.runWorker(Unknown Source)
	at java.util.concurrent.ThreadPoolExecutor$Worker.run(Unknown Source)
	at java.lang.Thread.run(Unknown Source)
... Removed 16 stack frames]]>
    </failure>
  </testcase> <!-- test_login_contrasenia_Incorrecta -->
</testsuite> <!-- Login Olvido contrasenia  contrasenia incorrecta Test IE -->
