<?xml version="1.0" encoding="UTF-8"?>
<!-- Generated by org.testng.reporters.JUnitXMLReporter -->
<testsuite hostname="28APO2678" name="Login Test FireFoxt" tests="2" failures="0" timestamp="31 Aug 2016 10:01:28 GMT" time="33.435" errors="0">
  <testcase name="LoginCorrecto" time="8.325" classname="comPageObjectsTestSaviaDigital.Login"/>
  <testcase name="ModificarIdioma" time="9.197" classname="comPageObjectsTestSaviaDigital.SeleccionarIdiomaProfesor"/>
</testsuite> <!-- Login Test FireFoxt -->
