<?xml version="1.0" encoding="UTF-8"?>
<!-- Generated by org.testng.reporters.JUnitXMLReporter -->
<testsuite hostname="28APO2678" name="Abrir Recursos externos" tests="4" failures="0" timestamp="22 Sep 2016 12:47:16 GMT" time="91.491" errors="0">
  <testcase name="AbrirPDF" time="15.772" classname="comPageObjectsTestSaviaDigital.AbrirPDFProfesor"/>
  <testcase name="ReproducirElementoExternoProfe" time="13.825" classname="comPageObjectsTestSaviaDigital.IrARecursoInteractivoExterno"/>
  <testcase name="AbrirEnlaceWbebProfe" time="15.932" classname="comPageObjectsTestSaviaDigital.SeleccionarEnlaceWeb"/>
  <testcase name="ReproducirYoutubeProfe" time="14.439" classname="comPageObjectsTestSaviaDigital.SeleccionarEnlaceWebYoutube"/>
</testsuite> <!-- Abrir Recursos externos -->
