<?xml version="1.0" encoding="UTF-8"?>
<!-- Generated by org.testng.reporters.JUnitXMLReporter -->
<testsuite hostname="28APO2678" name="Aniadir Recurso Interactivo Documento FireFox Test" tests="5" failures="0" timestamp="12 Aug 2016 06:18:54 GMT" time="159.71" errors="0">
  <testcase name="aniadirdoc" time="22.357" classname="comPageObjectsTestSaviaDigital.AniadirRecursoInteractivoDocumento"/>
  <testcase name="ReproducirVideoProfe" time="19.616" classname="comPageObjectsTestSaviaDigital.ReproducirVideo"/>
  <testcase name="ReproducirVideoProfe" time="22.396" classname="comPageObjectsTestSaviaDigital.ReproducirVideoAlumno"/>
  <testcase name="ReproducirVideoFullScreenProfe" time="22.375" classname="comPageObjectsTestSaviaDigital.FullScreenVideo"/>
  <testcase name="ReproducirVideoFullScreenAlumno" time="19.582" classname="comPageObjectsTestSaviaDigital.FullScreenVideoAlumno"/>
</testsuite> <!-- Aniadir Recurso Interactivo Documento FireFox Test -->
