<?xml version="1.0" encoding="UTF-8"?>
<!-- Generated by org.testng.reporters.JUnitXMLReporter -->
<testsuite hostname="28APO2678" name="MOOD48 FireFox Test" tests="1" failures="1" timestamp="2 Jun 2016 22:10:41 GMT" time="21601.337" errors="0">
  <testcase name="@AfterTest tearDown" time="0.0" classname="compageObjectsTestsaviaDigital.NotasCuadernoAlumno">
    <failure type="java.lang.NullPointerException">
      <![CDATA[java.lang.NullPointerException
	at compageObjectsTestsaviaDigital.NotasCuadernoAlumno.tearDown(NotasCuadernoAlumno.java:105)
	at java.util.concurrent.FutureTask.run(Unknown Source)
	at java.util.concurrent.ThreadPoolExecutor.runWorker(Unknown Source)
	at java.util.concurrent.ThreadPoolExecutor$Worker.run(Unknown Source)
	at java.lang.Thread.run(Unknown Source)
... Removed 14 stack frames]]>
    </failure>
  </testcase> <!-- @AfterTest tearDown -->
  <testcase name="NotaEnCuaderno" time="0.01" classname="compageObjectsTestsaviaDigital.NotasCuadernoAlumno">
    <failure type="java.lang.NullPointerException">
      <![CDATA[java.lang.NullPointerException
	at com.google.common.base.Preconditions.checkNotNull(Preconditions.java:212)
	at org.openqa.selenium.support.ui.FluentWait.<init>(FluentWait.java:102)
	at org.openqa.selenium.support.ui.WebDriverWait.<init>(WebDriverWait.java:71)
	at org.openqa.selenium.support.ui.WebDriverWait.<init>(WebDriverWait.java:45)
	at compageObjectsTestsaviaDigital.NotasCuadernoAlumno.NotaEnCuaderno(NotasCuadernoAlumno.java:39)
	at java.util.concurrent.FutureTask.run(Unknown Source)
	at java.util.concurrent.ThreadPoolExecutor.runWorker(Unknown Source)
	at java.util.concurrent.ThreadPoolExecutor$Worker.run(Unknown Source)
	at java.lang.Thread.run(Unknown Source)
... Removed 16 stack frames]]>
    </failure>
  </testcase> <!-- NotaEnCuaderno -->
</testsuite> <!-- MOOD48 FireFox Test -->
