<?xml version="1.0" encoding="UTF-8"?>
<!-- Generated by org.testng.reporters.JUnitXMLReporter -->
<testsuite hostname="28APO2678" name="MOOD58 FireFox Test" tests="1" failures="1" timestamp="2 Jun 2016 22:10:45 GMT" time="0.147" errors="0">
  <testcase name="@AfterTest tearDown" time="0.0" classname="compageObjectsTestsaviaDigital.RecursosDidacticos">
    <failure type="java.lang.NullPointerException">
      <![CDATA[java.lang.NullPointerException
	at compageObjectsTestsaviaDigital.RecursosDidacticos.tearDown(RecursosDidacticos.java:94)
	at java.util.concurrent.FutureTask.run(Unknown Source)
	at java.util.concurrent.ThreadPoolExecutor.runWorker(Unknown Source)
	at java.util.concurrent.ThreadPoolExecutor$Worker.run(Unknown Source)
	at java.lang.Thread.run(Unknown Source)
... Removed 14 stack frames]]>
    </failure>
  </testcase> <!-- @AfterTest tearDown -->
  <testcase name="SeleccionarLibroprofe" time="0.001" classname="compageObjectsTestsaviaDigital.RecursosDidacticos">
    <failure type="java.lang.NullPointerException">
      <![CDATA[java.lang.NullPointerException
	at compageObjectsTestsaviaDigital.RecursosDidacticos.SeleccionarLibroprofe(RecursosDidacticos.java:34)
	at java.util.concurrent.FutureTask.run(Unknown Source)
	at java.util.concurrent.ThreadPoolExecutor.runWorker(Unknown Source)
	at java.util.concurrent.ThreadPoolExecutor$Worker.run(Unknown Source)
	at java.lang.Thread.run(Unknown Source)
... Removed 16 stack frames]]>
    </failure>
  </testcase> <!-- SeleccionarLibroprofe -->
</testsuite> <!-- MOOD58 FireFox Test -->
