<?xml version="1.0" encoding="UTF-8"?>
<!-- Generated by org.testng.reporters.JUnitXMLReporter -->
<testsuite hostname="28APO2678" name="SelectUnidadDidactica Firefox Test" tests="2" failures="0" timestamp="22 Sep 2016 12:30:16 GMT" time="63.591" errors="0">
  <testcase name="seleccionarUnidadDidactica" time="14.505" classname="comPageObjectsTestSaviaDigital.SelectUnidadDidactica"/>
  <testcase name="seleccionarcierreTrimestral" time="13.226" classname="comPageObjectsTestSaviaDigital.SeleccionarUnidadTrimestral"/>
</testsuite> <!-- SelectUnidadDidactica Firefox Test -->
