<?xml version="1.0" encoding="UTF-8"?>
<!-- Generated by org.testng.reporters.JUnitXMLReporter -->
<testsuite hostname="28APO2678" name="Seleccionar Idioma FireFox" tests="2" failures="0" timestamp="19 Aug 2016 06:10:33 GMT" time="78.367" errors="0">
  <testcase name="ModificarIdioma" time="9.51" classname="comPageObjectsTestSaviaDigital.SeleccionarIdioma"/>
  <testcase name="MoficarPerfil" time="47.447" classname="comPageObjectsTestSaviaDigital.EditarPerfil"/>
</testsuite> <!-- Seleccionar Idioma FireFox -->
