<?xml version="1.0" encoding="UTF-8"?>
<!-- Generated by org.testng.reporters.JUnitXMLReporter -->
<testsuite hostname="28APO2678" name="Abrir Recursos externos" tests="4" failures="0" timestamp="25 Aug 2016 06:44:00 GMT" time="99.796" errors="0">
  <testcase name="AbrirPDF" time="15.866" classname="comPageObjectsTestSaviaDigital.AbrirPDFProfesor"/>
  <testcase name="ReproducirElementoExternoProfe" time="15.747" classname="comPageObjectsTestSaviaDigital.IrARecursoInteractivoExterno"/>
  <testcase name="AbrirEnlaceWbebProfe" time="16.478" classname="comPageObjectsTestSaviaDigital.SeleccionarEnlaceWeb"/>
  <testcase name="ReproducirYoutubeProfe" time="19.13" classname="comPageObjectsTestSaviaDigital.SeleccionarEnlaceWebYoutube"/>
</testsuite> <!-- Abrir Recursos externos -->
