<?xml version="1.0" encoding="UTF-8"?>
<!-- Generated by org.testng.reporters.JUnitXMLReporter -->
<testsuite hostname="28APO2678" name="Aniadir Recurso Interactivo URL ConVisibilidad Alumno FireFox Test" tests="1" failures="0" timestamp="10 Aug 2016 06:53:42 GMT" time="23.998" errors="0">
  <testcase name="AniadirURLConOjito" time="17.476" classname="comPageObjectsTestSaviaDigital.AniadirRecursoInteractivoURLConVisibilidadAlumno"/>
</testsuite> <!-- Aniadir Recurso Interactivo URL ConVisibilidad Alumno FireFox Test -->
