<?xml version="1.0" encoding="UTF-8"?>
<!-- Generated by org.testng.reporters.JUnitXMLReporter -->
<testsuite hostname="28APO2678" name="Aniadir Recurso interactivo URL" tests="2" failures="0" timestamp="30 Aug 2016 09:59:25 GMT" time="65.005" errors="0">
  <testcase name="AniadirURL" time="25.496" classname="comPageObjectsTestSaviaDigital.AniadirRecursoInteractivoURL"/>
  <testcase name="AniadirURLConOjito" time="24.673" classname="comPageObjectsTestSaviaDigital.AniadirRecursoInteractivoURLConVisibilidadAlumno"/>
</testsuite> <!-- Aniadir Recurso interactivo URL -->
