<?xml version="1.0" encoding="UTF-8"?>
<!-- Generated by org.testng.reporters.JUnitXMLReporter -->
<testsuite hostname="28APO2678" name="EscribirAnotacionTareaRealizada     Automatizacion.xlsx      Firefox Test" tests="1" failures="0" timestamp="25 Aug 2016 06:54:18 GMT" time="19.403" errors="0">
  <testcase name="EscribirAnotacion" time="12.61" classname="comPageObjectsTestSaviaDigital.EscribirAnotacionTareaRealizada"/>
</testsuite> <!-- EscribirAnotacionTareaRealizada     Automatizacion.xlsx      Firefox Test -->
