<?xml version="1.0" encoding="UTF-8"?>
<!-- Generated by org.testng.reporters.JUnitXMLReporter -->
<testsuite hostname="28APO2678" name="Realizar Actividad" tests="2" failures="0" timestamp="25 Aug 2016 06:46:55 GMT" time="128.594" errors="0">
  <testcase name="ActividadSinEntregar" time="56.268" classname="comPageObjectsTestSaviaDigital.RealizarActividadSinEntregar"/>
  <testcase name="ActividadAutoevaluacion" time="52.168" classname="comPageObjectsTestSaviaDigital.RealizarActividadAutoEvalucion"/>
</testsuite> <!-- Realizar Actividad -->
